<?xml version="1.0" encoding="UTF-8"?>
<!-- Generated by org.testng.reporters.JUnitReportReporter -->
<testsuite hostname="DESKTOP-R42SAQB" name="com.smart.service.UserServiceTest" tests="3" failures="0" timestamp="30 Dec 2017 09:44:48 GMT" time="0.410" errors="0">
  <testcase name="testFindUserByUserName" time="0.049" classname="com.smart.service.UserServiceTest"/>
  <testcase name="testHasMatchUser" time="0.010" classname="com.smart.service.UserServiceTest"/>
  <testcase name="testAddLoginLog" time="0.351" classname="com.smart.service.UserServiceTest"/>
</testsuite> <!-- com.smart.service.UserServiceTest -->
